[debug] [2025-09-08T13:32:00.871Z] ----------------------------------------------------------------------
[debug] [2025-09-08T13:32:00.880Z] Command:       /Users/luchomartin/.nvm/versions/node/v22.19.0/bin/node /usr/local/bin/firebase init hosting --project=luchomartin-net
[debug] [2025-09-08T13:32:00.880Z] CLI Version:   13.35.1
[debug] [2025-09-08T13:32:00.881Z] Platform:      darwin
[debug] [2025-09-08T13:32:00.881Z] Node Version:  v22.19.0
[debug] [2025-09-08T13:32:00.881Z] Time:          Mon Sep 08 2025 15:32:00 GMT+0200 (hora de verano de Europa central)
[debug] [2025-09-08T13:32:00.881Z] ----------------------------------------------------------------------
[debug] 
[debug] [2025-09-08T13:32:01.095Z] > command requires scopes: ["email","openid","https://www.googleapis.com/auth/cloudplatformprojects.readonly","https://www.googleapis.com/auth/firebase","https://www.googleapis.com/auth/cloud-platform"]
[debug] [2025-09-08T13:32:01.096Z] > authorizing via signed-in user (luchoid@gmail.com)
[info] 
     ######## #### ########  ######## ########     ###     ######  ########
     ##        ##  ##     ## ##       ##     ##  ##   ##  ##       ##
     ######    ##  ########  ######   ########  #########  ######  ######
     ##        ##  ##    ##  ##       ##     ## ##     ##       ## ##
     ##       #### ##     ## ######## ########  ##     ##  ######  ########

You're about to initialize a Firebase project in this directory:

  /Users/luchomartin/www/luchomartin

Before we get started, keep in mind:

  * You are initializing within an existing Firebase project directory

[info] 
=== Project Setup
[info] 
[info] First, let's associate this project directory with a Firebase project.
[info] You can create multiple project aliases by running firebase use --add, 
[info] but for now we'll just set up a default project.
[info] 
[debug] [2025-09-08T13:32:01.100Z] Using project from CLI flag: luchomartin-net
[debug] [2025-09-08T13:32:01.101Z] Checked if tokens are valid: true, expires at: 1757340755186
[debug] [2025-09-08T13:32:01.101Z] Checked if tokens are valid: true, expires at: 1757340755186
[debug] [2025-09-08T13:32:01.102Z] >>> [apiv2][query] GET https://firebase.googleapis.com/v1beta1/projects/luchomartin-net [none]
[debug] [2025-09-08T13:32:01.445Z] <<< [apiv2][status] GET https://firebase.googleapis.com/v1beta1/projects/luchomartin-net 200
[debug] [2025-09-08T13:32:01.446Z] <<< [apiv2][body] GET https://firebase.googleapis.com/v1beta1/projects/luchomartin-net {"projectId":"luchomartin-net","projectNumber":"418106326728","displayName":"luchomartin-net","name":"projects/luchomartin-net","resources":{"hostingSite":"luchomartin-net"},"state":"ACTIVE","etag":"1_dd178936-93f2-414d-aa75-46c5c2339b06"}
[info] i  Using project luchomartin-net (luchomartin-net) 
[info] 
=== Hosting Setup
[debug] [2025-09-08T13:32:01.461Z] Checked if tokens are valid: true, expires at: 1757340755186
[debug] [2025-09-08T13:32:01.462Z] Checked if tokens are valid: true, expires at: 1757340755186
[debug] [2025-09-08T13:32:01.462Z] >>> [apiv2][query] GET https://firebase.googleapis.com/v1beta1/projects/luchomartin-net [none]
[debug] [2025-09-08T13:32:01.651Z] <<< [apiv2][status] GET https://firebase.googleapis.com/v1beta1/projects/luchomartin-net 200
[debug] [2025-09-08T13:32:01.651Z] <<< [apiv2][body] GET https://firebase.googleapis.com/v1beta1/projects/luchomartin-net {"projectId":"luchomartin-net","projectNumber":"418106326728","displayName":"luchomartin-net","name":"projects/luchomartin-net","resources":{"hostingSite":"luchomartin-net"},"state":"ACTIVE","etag":"1_dd178936-93f2-414d-aa75-46c5c2339b06"}
[info] 
[info] Your public directory is the folder (relative to your project directory) that
[info] will contain Hosting assets to be uploaded with firebase deploy. If you
[info] have a build process for your assets, use your build's output directory.
[info] 
[info] i  public/404.html is unchanged 
[debug] [2025-09-08T13:32:58.959Z] >>> [apiv2][query] GET https://www.gstatic.com/firebasejs/releases.json [none]
[debug] [2025-09-08T13:32:59.076Z] <<< [apiv2][status] GET https://www.gstatic.com/firebasejs/releases.json 200
[debug] [2025-09-08T13:32:59.076Z] <<< [apiv2][body] GET https://www.gstatic.com/firebasejs/releases.json {"current":{"version":"12.2.1","browserURL":"https://www.gstatic.com/firebasejs/12.2.1/firebase.js","packageURL":"https://www.gstatic.com/firebasejs/12.2.1/firebase.tgz"},"live":{"version":"12.2","browserURL":"https://www.gstatic.com/firebasejs/live/12.2/firebase.js","packageURL":"https://www.gstatic.com/firebasejs/live/12.2/firebase.tgz"},"components":{"ai":"https://www.gstatic.com/firebasejs/12.2.1/firebase-ai.js","analytics":"https://www.gstatic.com/firebasejs/12.2.1/firebase-analytics.js","app":"https://www.gstatic.com/firebasejs/12.2.1/firebase-app.js","app-check":"https://www.gstatic.com/firebasejs/12.2.1/firebase-app-check.js","auth":"https://www.gstatic.com/firebasejs/12.2.1/firebase-auth.js","auth/cordova":"https://www.gstatic.com/firebasejs/12.2.1/firebase-auth/cordova.js","auth/web-extension":"https://www.gstatic.com/firebasejs/12.2.1/firebase-auth/web-extension.js","functions":"https://www.gstatic.com/firebasejs/12.2.1/firebase-functions.js","firestore":"https://www.gstatic.com/firebasejs/12.2.1/firebase-firestore.js","firestore/lite":"https://www.gstatic.com/firebasejs/12.2.1/firebase-firestore/lite.js","installations":"https://www.gstatic.com/firebasejs/12.2.1/firebase-installations.js","storage":"https://www.gstatic.com/firebasejs/12.2.1/firebase-storage.js","performance":"https://www.gstatic.com/firebasejs/12.2.1/firebase-performance.js","remote-config":"https://www.gstatic.com/firebasejs/12.2.1/firebase-remote-config.js","messaging":"https://www.gstatic.com/firebasejs/12.2.1/firebase-messaging.js","messaging/sw":"https://www.gstatic.com/firebasejs/12.2.1/firebase-messaging/sw.js","database":"https://www.gstatic.com/firebasejs/12.2.1/firebase-database.js","data-connect":"https://www.gstatic.com/firebasejs/12.2.1/firebase-data-connect.js","firestore.memory":"https://www.gstatic.com/firebasejs/12.2.1/firebase-firestore.memory.js"}}
[info] i  public/index.html is unchanged 
[info] 
[info] i  Detected a .git folder at /Users/luchomartin/www/luchomartin 
[info] i  Authorizing with GitHub to upload your service account to a GitHub repository's secrets store. 
[info] 
[info] Visit this URL on this device to log in:
[info] https://github.com/login/oauth/authorize?client_id=89cf50f02ac6aaed3484&state=395303&redirect_uri=http%3A%2F%2Flocalhost%3A9005&scope=read%3Auser%20repo%20public_repo
[info] 
[info] Waiting for authentication...
[debug] [2025-09-08T13:33:11.382Z] >>> [apiv2][query] POST https://github.com/login/oauth/access_token [none]
[debug] [2025-09-08T13:33:11.382Z] >>> [apiv2][body] POST https://github.com/login/oauth/access_token [stream]
[debug] [2025-09-08T13:33:11.708Z] <<< [apiv2][status] POST https://github.com/login/oauth/access_token 200
[debug] [2025-09-08T13:33:11.708Z] <<< [apiv2][body] POST https://github.com/login/oauth/access_token {"access_token":"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","token_type":"bearer","scope":"read:user,repo"}
[debug] [2025-09-08T13:33:11.718Z] >>> [apiv2][query] GET https://api.github.com/user [none]
[debug] [2025-09-08T13:33:12.028Z] <<< [apiv2][status] GET https://api.github.com/user 200
[debug] [2025-09-08T13:33:12.028Z] <<< [apiv2][body] GET https://api.github.com/user {"login":"luchens","id":3594799,"node_id":"MDQ6VXNlcjM1OTQ3OTk=","avatar_url":"https://avatars.githubusercontent.com/u/3594799?v=4","gravatar_id":"","url":"https://api.github.com/users/luchens","html_url":"https://github.com/luchens","followers_url":"https://api.github.com/users/luchens/followers","following_url":"https://api.github.com/users/luchens/following{/other_user}","gists_url":"https://api.github.com/users/luchens/gists{/gist_id}","starred_url":"https://api.github.com/users/luchens/starred{/owner}{/repo}","subscriptions_url":"https://api.github.com/users/luchens/subscriptions","organizations_url":"https://api.github.com/users/luchens/orgs","repos_url":"https://api.github.com/users/luchens/repos","events_url":"https://api.github.com/users/luchens/events{/privacy}","received_events_url":"https://api.github.com/users/luchens/received_events","type":"User","user_view_type":"private","site_admin":false,"name":"Lucho Martin","company":"Lucho Martin","blog":"http://www.luchomartin.net/","location":"Madrid, España","email":"luchoid@gmail.com","hireable":true,"bio":"Hola! me dedico al desarrollador web. Hace más de 10 años que me dedico a la programación de páginas webs.","twitter_username":null,"notification_email":"luchoid@gmail.com","public_repos":81,"public_gists":3,"followers":4,"following":16,"created_at":"2013-02-14T15:19:49Z","updated_at":"2025-09-06T13:37:43Z","private_gists":0,"total_private_repos":7,"owned_private_repos":7,"disk_usage":237496,"collaborators":4,"two_factor_authentication":false,"plan":{"name":"free","space":976562499,"collaborators":0,"private_repos":10000}}
[info] 
[info] ✔  Success! Logged into GitHub as luchens 
[info] 
[debug] [2025-09-08T13:33:23.330Z] >>> [apiv2][query] GET https://api.github.com/repos//actions/secrets/public-key type=owner
[debug] [2025-09-08T13:33:23.759Z] <<< [apiv2][status] GET https://api.github.com/repos//actions/secrets/public-key 404
[debug] [2025-09-08T13:33:23.759Z] <<< [apiv2][body] GET https://api.github.com/repos//actions/secrets/public-key {"message":"Not Found","documentation_url":"https://docs.github.com/rest","status":"404"}
[info] 
[info] 
[error] ⚠  The provided authorization cannot be used with this repository. If this repository is in an organization, did you remember to grant access? 
[info] 
[info] i  Action required: Visit this URL to ensure access has been granted to the appropriate organization(s) for the Firebase CLI GitHub OAuth App: 
[info] https://github.com/settings/connections/applications/89cf50f02ac6aaed3484
[info] 
[debug] [2025-09-08T13:34:35.005Z] >>> [apiv2][query] GET https://api.github.com/repos//actions/secrets/public-key type=owner
[debug] [2025-09-08T13:34:35.207Z] <<< [apiv2][status] GET https://api.github.com/repos//actions/secrets/public-key 404
[debug] [2025-09-08T13:34:35.207Z] <<< [apiv2][body] GET https://api.github.com/repos//actions/secrets/public-key {"message":"Not Found","documentation_url":"https://docs.github.com/rest","status":"404"}
[info] 
[info] 
[error] ⚠  The provided authorization cannot be used with this repository. If this repository is in an organization, did you remember to grant access? 
[info] 
[info] i  Action required: Visit this URL to ensure access has been granted to the appropriate organization(s) for the Firebase CLI GitHub OAuth App: 
[info] https://github.com/settings/connections/applications/89cf50f02ac6aaed3484
[info] 
